2023-10-17T22:39:45.299Z 0: 

----------------------------------------------
2023-10-17T22:39:45.316Z 1: Discord starting: {"releaseChannel":"stable","version":"0.0.32"}, modulepath: /home/kyrem1/.config/discord/0.0.32/modules
2023-10-17T22:39:45.325Z 2: ✅ webContents.created web1 ""
2023-10-17T22:39:45.337Z 3: ✅ window.created win1 "discord"
2023-10-17T22:39:45.564Z 4: ✅ webContents.did-finish-load web1
2023-10-17T22:40:28.306Z 5: ✅ webContents.created web2 ""
2023-10-17T22:40:28.312Z 6: ✅ window.created win2 "Discord"
2023-10-17T22:40:32.165Z 7: ✅ webContents.did-finish-load web2
2023-10-17T22:40:32.265Z 8: window.close win1
2023-10-17T22:40:32.295Z 9: webContents.destroyed web1
2023-10-17T22:40:32.298Z 10: window.closed win1
2023-10-17T22:57:09.812Z 11: window.close win2
2023-10-20T21:29:35.704Z 0: 

----------------------------------------------
2023-10-20T21:29:35.725Z 1: Discord starting: {"releaseChannel":"stable","version":"0.0.32"}, modulepath: /home/kyrem1/.config/discord/0.0.32/modules
2023-10-20T21:29:35.729Z 2: ✅ webContents.created web1 ""
2023-10-20T21:29:35.731Z 3: ✅ window.created win1 "discord"
2023-10-20T21:29:35.971Z 4: ✅ webContents.did-finish-load web1
2023-10-20T21:29:36.507Z 5: ✅ webContents.created web2 ""
2023-10-20T21:29:36.514Z 6: ✅ window.created win2 "Discord"
2023-10-20T21:29:41.900Z 7: ✅ webContents.did-finish-load web2
2023-10-20T21:29:41.999Z 8: window.close win1
2023-10-20T21:29:42.003Z 9: webContents.destroyed web1
2023-10-20T21:29:42.006Z 10: window.closed win1
2023-10-20T21:30:09.860Z 11: window.close win2
2023-10-20T21:32:22.306Z 12: window.close win2
2023-10-20T21:32:22.324Z 13: ❌ child-process-gone {
  type: 'Utility',
  reason: 'killed',
  exitCode: 15,
  serviceName: 'audio.mojom.AudioService',
  name: 'Audio Service'
}
2023-11-27T02:27:42.719Z 0: 

----------------------------------------------
2023-11-27T02:27:42.732Z 1: Discord starting: {"releaseChannel":"stable","version":"0.0.32"}, modulepath: /home/kyrem1/.config/discord/0.0.32/modules
2023-11-27T02:27:42.754Z 2: ✅ webContents.created web1 ""
2023-11-27T02:27:42.756Z 3: ✅ window.created win1 "discord"
2023-11-27T02:27:42.994Z 4: ✅ webContents.did-finish-load web1
2023-11-27T02:27:44.756Z 5: window.close win1
2023-11-27T02:27:44.763Z 6: webContents.destroyed web1
2023-12-10T21:45:25.578Z 0: 

----------------------------------------------
2023-12-10T21:45:25.606Z 1: Discord starting: {"releaseChannel":"stable","version":"0.0.32"}, modulepath: /home/kyrem1/.config/discord/0.0.32/modules
2023-12-10T21:45:25.610Z 2: ✅ webContents.created web1 ""
2023-12-10T21:45:25.612Z 3: ✅ window.created win1 "discord"
2023-12-10T21:45:25.840Z 4: ✅ webContents.did-finish-load web1
2023-12-10T21:45:28.005Z 5: window.close win1
2023-12-10T21:45:28.022Z 6: webContents.destroyed web1
